TN:
SF:src/modules/creation/entities/User.ts
FN:24,User
FNF:1
FNH:0
FNDA:0,User
DA:1,1
DA:2,1
DA:3,1
DA:4,1
DA:5,1
DA:6,1
DA:7,1
DA:8,1
DA:9,1
DA:10,1
DA:11,1
DA:12,1
DA:13,1
DA:14,1
DA:15,1
DA:16,1
DA:17,1
DA:18,1
DA:19,1
DA:20,1
DA:21,1
DA:22,1
DA:23,1
DA:24,1
DA:25,0
DA:26,0
DA:27,0
DA:28,0
DA:29,1
DA:30,1
DA:31,1
LF:31
LH:27
BRF:0
BRH:0
end_of_record
TN:
SF:src/modules/creation/repositories/in-memory/UserLoginDataRepositoryInMemory.ts
FN:7,UserLoginDataRepositoryInMemory
FN:10,create
FN:29,findByName
FNF:3
FNH:2
FNDA:1,UserLoginDataRepositoryInMemory
FNDA:0,create
FNDA:1,findByName
DA:1,1
DA:2,1
DA:3,1
DA:4,1
DA:5,1
DA:6,1
DA:7,1
DA:8,1
DA:9,1
DA:10,1
DA:11,0
DA:12,0
DA:13,0
DA:14,0
DA:15,0
DA:16,0
DA:17,0
DA:18,0
DA:19,0
DA:20,0
DA:21,0
DA:22,0
DA:23,0
DA:24,0
DA:25,0
DA:26,0
DA:27,0
DA:28,1
DA:29,1
DA:30,1
DA:31,1
DA:32,1
DA:33,1
DA:34,1
DA:35,1
DA:36,1
LF:36
LH:19
BRDA:7,0,0,1
BRDA:29,1,0,1
BRF:2
BRH:2
end_of_record
TN:
SF:src/modules/creation/useCases/createUser/CreateUserUseCase.ts
FN:7,CreateUserUseCase
FN:12,execute
FNF:2
FNH:2
FNDA:1,CreateUserUseCase
FNDA:1,execute
DA:1,1
DA:2,1
DA:3,1
DA:4,1
DA:5,1
DA:6,1
DA:7,1
DA:8,1
DA:9,1
DA:10,1
DA:11,1
DA:12,1
DA:13,1
DA:14,0
DA:15,0
DA:16,0
DA:17,0
DA:18,0
DA:19,0
DA:20,0
DA:21,0
DA:22,0
DA:23,1
DA:24,1
DA:25,1
LF:25
LH:16
BRDA:7,0,0,1
BRDA:12,1,0,1
BRDA:14,2,0,0
BRF:3
BRH:2
end_of_record
